[ 2017-05-08T10:54:16+08:00 ] /index.php?s=/User/Index/index | ERR: (ThinkException) Table 'zxxt.dms_推荐' doesn't exist
[ 2017-05-08T10:54:16+08:00 ] /index.php?s=/User/Index/index | ERR: (ThinkException) [17-05-08 10:54:05] F:\huanyu\ThinkPHP\Lib\Driver\Db\DbMysql.class.php (138) DbMysql->error()
[17-05-08 10:54:05] F:\huanyu\ThinkPHP\Lib\Driver\Db\DbMysql.class.php (308) DbMysql->query(SHOW COLUMNS FROM `dms_推荐`)
[17-05-08 10:54:05] F:\huanyu\ThinkPHP\Lib\Core\Model.class.php (142) DbMysql->getFields(dms_推荐)
[17-05-08 10:54:05] F:\huanyu\ThinkPHP\Lib\Core\Model.class.php (125) Model->flush()
[17-05-08 10:54:05] F:\huanyu\ThinkPHP\Lib\Core\Model.class.php (1262) Model->_checkTableInfo()
[17-05-08 10:54:05] F:\huanyu\ThinkPHP\Lib\Core\Model.class.php (102) Model->db(0, )
[17-05-08 10:54:05] F:\huanyu\ThinkPHP\Common\common.php (265) Model->__construct(推荐, , )
[17-05-08 10:54:05] F:\huanyu\DmsAdmin\Lib\Action\User\IndexAction.class.php (65) M(推荐)
[17-05-08 10:54:05]  () IndexAction->index()
[17-05-08 10:54:05] F:\huanyu\ThinkPHP\Lib\Core\App.class.php (132) call_user_func(Array)
[17-05-08 10:54:05] F:\huanyu\ThinkPHP\Lib\Core\App.class.php (159) App::exec()
[17-05-08 10:54:05] F:\huanyu\ThinkPHP\Lib\Core\Think.class.php (48) App::run()
[17-05-08 10:54:05] F:\huanyu\ThinkPHP\Common\runtime.php (241) Think::Start()
[17-05-08 10:54:05] F:\huanyu\ThinkPHP\ThinkPHP.php (41) require(F:\huanyu\ThinkPHP\Common\runtime.php)
[17-05-08 10:54:05] F:\huanyu\index.php (15) require(F:\huanyu\ThinkPHP\ThinkPHP.php)

[ 2017-05-08T10:56:04+08:00 ] /index.php?s=/User/Index/index | ERR: (ThinkException) 模板不存在[DmsAdmin/Tpl/User/blanc_default/Index/index.html]
[ 2017-05-08T10:56:04+08:00 ] /index.php?s=/User/Index/index | ERR: (ThinkException) [17-05-08 10:56:05] F:\huanyu\ThinkPHP\Lib\Behavior\LocationTemplateBehavior.class.php (23) LocationTemplateBehavior->parseTemplateFile()
[17-05-08 10:56:05] F:\huanyu\ThinkPHP\Common\common.php (430) LocationTemplateBehavior->run()
[17-05-08 10:56:05] F:\huanyu\ThinkPHP\Common\common.php (393) B(LocationTemplate, )
[17-05-08 10:56:05] F:\huanyu\ThinkPHP\Lib\Core\View.class.php (148) tag(view_template, )
[17-05-08 10:56:05] F:\huanyu\ThinkPHP\Lib\Core\View.class.php (103) View->fetch()
[17-05-08 10:56:05] F:\huanyu\ThinkPHP\Lib\Core\Action.class.php (98) View->display(, , )
[17-05-08 10:56:05] F:\huanyu\DmsAdmin\Lib\Action\User\IndexAction.class.php (88) Action->display()
[17-05-08 10:56:05]  () IndexAction->index()
[17-05-08 10:56:05] F:\huanyu\ThinkPHP\Lib\Core\App.class.php (132) call_user_func(Array)
[17-05-08 10:56:05] F:\huanyu\ThinkPHP\Lib\Core\App.class.php (159) App::exec()
[17-05-08 10:56:05] F:\huanyu\ThinkPHP\Lib\Core\Think.class.php (48) App::run()
[17-05-08 10:56:05] F:\huanyu\ThinkPHP\Common\runtime.php (241) Think::Start()
[17-05-08 10:56:05] F:\huanyu\ThinkPHP\ThinkPHP.php (41) require(F:\huanyu\ThinkPHP\Common\runtime.php)
[17-05-08 10:56:05] F:\huanyu\index.php (15) require(F:\huanyu\ThinkPHP\ThinkPHP.php)

